<?xml version="1.0" encoding="UTF-8"?>
<testsuite xmlns:xsi="http://www.w3.org/2001/XMLSchema-instance" xsi:noNamespaceSchemaLocation="https://maven.apache.org/surefire/maven-surefire-plugin/xsd/surefire-test-report.xsd" name="me.lukasgrimm.bachelor.blog.spring.controller.BlogTests" time="0.448" tests="8" errors="0" skipped="0" failures="0">
  <properties>
[...]
</properties>
  <testcase name="createPostShouldReturnBadContentStatusWhenPostContainsId" classname="me.lukasgrimm.bachelor.blog.spring.controller.BlogTests" time="0.434"/>
  <testcase name="findAllShouldReturnListOfPosts" classname="me.lukasgrimm.bachelor.blog.spring.controller.BlogTests" time="0.003"/>
  <testcase name="deletePostShouldReturnNotFoundStatusWhenIdDoesNotExist" classname="me.lukasgrimm.bachelor.blog.spring.controller.BlogTests" time="0"/>
  <testcase name="createPostShouldReturnNoContentStatusWhenEverythingFine" classname="me.lukasgrimm.bachelor.blog.spring.controller.BlogTests" time="0"/>
  <testcase name="updatePostShouldReturnNotFoundStatusWhenIdDoesNotExist" classname="me.lukasgrimm.bachelor.blog.spring.controller.BlogTests" time="0.001"/>
  <testcase name="updatePostShouldReturnNoContentStatusWhenEverythingFine" classname="me.lukasgrimm.bachelor.blog.spring.controller.BlogTests" time="0.001"/>
  <testcase name="deletePostShouldReturnNoContentStatusWhenEverythingFine" classname="me.lukasgrimm.bachelor.blog.spring.controller.BlogTests" time="0"/>
  <testcase name="updatePostShouldReturnBadRequestStatusWhenIdsDoNotMatch" classname="me.lukasgrimm.bachelor.blog.spring.controller.BlogTests" time="0.001"/>
</testsuite>